C:\Program Files (x86)\Microsoft Visual Studio\2019\Community\MSBuild\Microsoft\VC\v160\Microsoft.CppBuild.targets(452,5): warning MSB8028: The intermediate directory (x64\Debug\) contains files shared from another project (Main_Template.vcxproj).  This can lead to incorrect clean and rebuild behavior.
  Source.cpp
C:\_University\_Year4\_Semester1\F20GA-3D_Graphics_Animation\_Working\3D_Graphics_Coursework\VS2019_3D_Graphics_and_Animation_Template\01_Pipeline_Interaction\Source.cpp(298,81): warning C4305:  'argument': truncation from 'double' to 'GLfloat'
C:\_University\_Year4\_Semester1\F20GA-3D_Graphics_Animation\_Working\3D_Graphics_Coursework\VS2019_3D_Graphics_and_Animation_Template\01_Pipeline_Interaction\Source.cpp(303,16): warning C4244:  'initializing': conversion from 'double' to 'float', possible loss of data
C:\_University\_Year4\_Semester1\F20GA-3D_Graphics_Animation\_Working\3D_Graphics_Coursework\VS2019_3D_Graphics_and_Animation_Template\01_Pipeline_Interaction\Source.cpp(304,21): warning C4244:  'initializing': conversion from 'double' to 'float', possible loss of data
C:\_University\_Year4\_Semester1\F20GA-3D_Graphics_Animation\_Working\3D_Graphics_Coursework\VS2019_3D_Graphics_and_Animation_Template\01_Pipeline_Interaction\Source.cpp(309,86): warning C4305:  'argument': truncation from 'double' to 'GLfloat'
C:\_University\_Year4\_Semester1\F20GA-3D_Graphics_Animation\_Working\3D_Graphics_Coursework\VS2019_3D_Graphics_and_Animation_Template\01_Pipeline_Interaction\Source.cpp(312,72): warning C4305:  'argument': truncation from 'double' to 'GLfloat'
C:\_University\_Year4\_Semester1\F20GA-3D_Graphics_Animation\_Working\3D_Graphics_Coursework\VS2019_3D_Graphics_and_Animation_Template\01_Pipeline_Interaction\Source.cpp(313,70): warning C4305:  'argument': truncation from 'double' to 'GLfloat'
C:\_University\_Year4\_Semester1\F20GA-3D_Graphics_Animation\_Working\3D_Graphics_Coursework\VS2019_3D_Graphics_and_Animation_Template\01_Pipeline_Interaction\Source.cpp(314,74): warning C4305:  'argument': truncation from 'double' to 'GLfloat'
C:\_University\_Year4\_Semester1\F20GA-3D_Graphics_Animation\_Working\3D_Graphics_Coursework\VS2019_3D_Graphics_and_Animation_Template\01_Pipeline_Interaction\Source.cpp(317,81): warning C4305:  'argument': truncation from 'double' to 'GLfloat'
C:\_University\_Year4\_Semester1\F20GA-3D_Graphics_Animation\_Working\3D_Graphics_Coursework\VS2019_3D_Graphics_and_Animation_Template\01_Pipeline_Interaction\Source.cpp(318,83): warning C4305:  'argument': truncation from 'double' to 'GLfloat'
C:\_University\_Year4\_Semester1\F20GA-3D_Graphics_Animation\_Working\3D_Graphics_Coursework\VS2019_3D_Graphics_and_Animation_Template\01_Pipeline_Interaction\Source.cpp(319,80): warning C4305:  'argument': truncation from 'double' to 'GLfloat'
C:\_University\_Year4\_Semester1\F20GA-3D_Graphics_Animation\_Working\3D_Graphics_Coursework\VS2019_3D_Graphics_and_Animation_Template\01_Pipeline_Interaction\Source.cpp(321,71): warning C4305:  'argument': truncation from 'double' to 'GLfloat'
C:\_University\_Year4\_Semester1\F20GA-3D_Graphics_Animation\_Working\3D_Graphics_Coursework\VS2019_3D_Graphics_and_Animation_Template\01_Pipeline_Interaction\Source.cpp(322,70): warning C4305:  'argument': truncation from 'double' to 'GLfloat'
C:\_University\_Year4\_Semester1\F20GA-3D_Graphics_Animation\_Working\3D_Graphics_Coursework\VS2019_3D_Graphics_and_Animation_Template\01_Pipeline_Interaction\Source.cpp(323,74): warning C4305:  'argument': truncation from 'double' to 'GLfloat'
C:\_University\_Year4\_Semester1\F20GA-3D_Graphics_Animation\_Working\3D_Graphics_Coursework\VS2019_3D_Graphics_and_Animation_Template\01_Pipeline_Interaction\Source.cpp(326,80): warning C4305:  'argument': truncation from 'double' to 'GLfloat'
C:\_University\_Year4\_Semester1\F20GA-3D_Graphics_Animation\_Working\3D_Graphics_Coursework\VS2019_3D_Graphics_and_Animation_Template\01_Pipeline_Interaction\Source.cpp(327,86): warning C4305:  'argument': truncation from 'double' to 'GLfloat'
C:\_University\_Year4\_Semester1\F20GA-3D_Graphics_Animation\_Working\3D_Graphics_Coursework\VS2019_3D_Graphics_and_Animation_Template\01_Pipeline_Interaction\Source.cpp(328,83): warning C4305:  'argument': truncation from 'double' to 'GLfloat'
C:\_University\_Year4\_Semester1\F20GA-3D_Graphics_Animation\_Working\3D_Graphics_Coursework\VS2019_3D_Graphics_and_Animation_Template\01_Pipeline_Interaction\Source.cpp(330,72): warning C4305:  'argument': truncation from 'double' to 'GLfloat'
C:\_University\_Year4\_Semester1\F20GA-3D_Graphics_Animation\_Working\3D_Graphics_Coursework\VS2019_3D_Graphics_and_Animation_Template\01_Pipeline_Interaction\Source.cpp(331,70): warning C4305:  'argument': truncation from 'double' to 'GLfloat'
C:\_University\_Year4\_Semester1\F20GA-3D_Graphics_Animation\_Working\3D_Graphics_Coursework\VS2019_3D_Graphics_and_Animation_Template\01_Pipeline_Interaction\Source.cpp(332,74): warning C4305:  'argument': truncation from 'double' to 'GLfloat'
C:\_University\_Year4\_Semester1\F20GA-3D_Graphics_Animation\_Working\3D_Graphics_Coursework\VS2019_3D_Graphics_and_Animation_Template\01_Pipeline_Interaction\Source.cpp(335,25): warning C4244:  'initializing': conversion from 'double' to 'float', possible loss of data
C:\_University\_Year4\_Semester1\F20GA-3D_Graphics_Animation\_Working\3D_Graphics_Coursework\VS2019_3D_Graphics_and_Animation_Template\01_Pipeline_Interaction\Source.cpp(347,70): warning C4305:  'argument': truncation from 'double' to 'GLfloat'
C:\_University\_Year4\_Semester1\F20GA-3D_Graphics_Animation\_Working\3D_Graphics_Coursework\VS2019_3D_Graphics_and_Animation_Template\01_Pipeline_Interaction\Source.cpp(348,74): warning C4305:  'argument': truncation from 'double' to 'GLfloat'
C:\_University\_Year4\_Semester1\F20GA-3D_Graphics_Animation\_Working\3D_Graphics_Coursework\VS2019_3D_Graphics_and_Animation_Template\01_Pipeline_Interaction\Source.cpp(353,81): warning C4305:  'argument': truncation from 'double' to 'GLfloat'
C:\_University\_Year4\_Semester1\F20GA-3D_Graphics_Animation\_Working\3D_Graphics_Coursework\VS2019_3D_Graphics_and_Animation_Template\01_Pipeline_Interaction\Source.cpp(359,70): warning C4305:  'argument': truncation from 'double' to 'GLfloat'
C:\_University\_Year4\_Semester1\F20GA-3D_Graphics_Animation\_Working\3D_Graphics_Coursework\VS2019_3D_Graphics_and_Animation_Template\01_Pipeline_Interaction\Source.cpp(360,74): warning C4305:  'argument': truncation from 'double' to 'GLfloat'
C:\_University\_Year4\_Semester1\F20GA-3D_Graphics_Animation\_Working\3D_Graphics_Coursework\VS2019_3D_Graphics_and_Animation_Template\01_Pipeline_Interaction\Source.cpp(365,80): warning C4305:  'argument': truncation from 'double' to 'GLfloat'
C:\_University\_Year4\_Semester1\F20GA-3D_Graphics_Animation\_Working\3D_Graphics_Coursework\VS2019_3D_Graphics_and_Animation_Template\01_Pipeline_Interaction\Source.cpp(371,70): warning C4305:  'argument': truncation from 'double' to 'GLfloat'
C:\_University\_Year4\_Semester1\F20GA-3D_Graphics_Animation\_Working\3D_Graphics_Coursework\VS2019_3D_Graphics_and_Animation_Template\01_Pipeline_Interaction\Source.cpp(372,74): warning C4305:  'argument': truncation from 'double' to 'GLfloat'
C:\_University\_Year4\_Semester1\F20GA-3D_Graphics_Animation\_Working\3D_Graphics_Coursework\VS2019_3D_Graphics_and_Animation_Template\01_Pipeline_Interaction\Source.cpp(380,83): warning C4305:  'argument': truncation from 'double' to 'GLfloat'
C:\_University\_Year4\_Semester1\F20GA-3D_Graphics_Animation\_Working\3D_Graphics_Coursework\VS2019_3D_Graphics_and_Animation_Template\01_Pipeline_Interaction\Source.cpp(381,80): warning C4305:  'argument': truncation from 'double' to 'GLfloat'
C:\_University\_Year4\_Semester1\F20GA-3D_Graphics_Animation\_Working\3D_Graphics_Coursework\VS2019_3D_Graphics_and_Animation_Template\01_Pipeline_Interaction\Source.cpp(384,70): warning C4305:  'argument': truncation from 'double' to 'GLfloat'
C:\_University\_Year4\_Semester1\F20GA-3D_Graphics_Animation\_Working\3D_Graphics_Coursework\VS2019_3D_Graphics_and_Animation_Template\01_Pipeline_Interaction\Source.cpp(385,74): warning C4305:  'argument': truncation from 'double' to 'GLfloat'
C:\_University\_Year4\_Semester1\F20GA-3D_Graphics_Animation\_Working\3D_Graphics_Coursework\VS2019_3D_Graphics_and_Animation_Template\01_Pipeline_Interaction\Source.cpp(400,70): warning C4305:  'argument': truncation from 'double' to 'GLfloat'
C:\_University\_Year4\_Semester1\F20GA-3D_Graphics_Animation\_Working\3D_Graphics_Coursework\VS2019_3D_Graphics_and_Animation_Template\01_Pipeline_Interaction\Source.cpp(401,74): warning C4305:  'argument': truncation from 'double' to 'GLfloat'
C:\_University\_Year4\_Semester1\F20GA-3D_Graphics_Animation\_Working\3D_Graphics_Coursework\VS2019_3D_Graphics_and_Animation_Template\01_Pipeline_Interaction\Source.cpp(412,55): warning C4244:  'argument': conversion from 'int' to 'GLfloat', possible loss of data
C:\_University\_Year4\_Semester1\F20GA-3D_Graphics_Animation\_Working\3D_Graphics_Coursework\VS2019_3D_Graphics_and_Animation_Template\01_Pipeline_Interaction\Source.cpp(484,26): warning C4244:  'argument': conversion from 'double' to 'float', possible loss of data
C:\_University\_Year4\_Semester1\F20GA-3D_Graphics_Animation\_Working\3D_Graphics_Coursework\VS2019_3D_Graphics_and_Animation_Template\01_Pipeline_Interaction\Source.cpp(484,23): warning C4244:  'argument': conversion from 'double' to 'float', possible loss of data
C:\_University\_Year4\_Semester1\F20GA-3D_Graphics_Animation\_Working\3D_Graphics_Coursework\VS2019_3D_Graphics_and_Animation_Template\01_Pipeline_Interaction\Source.cpp(147): warning C4715:  'init': not all control paths return a value
  01_Pipeline_Interaction.vcxproj -> C:\_University\_Year4\_Semester1\F20GA-3D_Graphics_Animation\_Working\3D_Graphics_Coursework\VS2019_3D_Graphics_and_Animation_Template\x64\Debug\3D_Graphics_Coursework.exe
